<component name="libraryTable">
  <library name="junit-jupiter-api-5.2.0">
    <CLASSES>
      <root url="jar://C:/app/junit-jupiter-api-5.2.0.jar!/" />
    </CLASSES>
    <JAVADOC />
    <SOURCES />
  </library>
</component>